<?xml version="1.0" encoding="UTF-8"?>
<testsuite xmlns:xsi="http://www.w3.org/2001/XMLSchema-instance" xsi:noNamespaceSchemaLocation="https://maven.apache.org/surefire/maven-surefire-plugin/xsd/surefire-test-report.xsd" name="com.example.servingwebcontent.ServingWebContentApplicationTests" time="1.479" tests="1" errors="1" skipped="0" failures="0">
  <properties>
    <property name="java.specification.version" value="17"/>
    <property name="sun.jnu.encoding" value="UTF-8"/>
    <property name="java.class.path" value="/data/data/com.termux/files/home/gs-serving-web-content/initial/target/test-classes:/data/data/com.termux/files/home/gs-serving-web-content/initial/target/classes:/data/data/com.termux/files/home/.m2/repository/mysql/mysql-connector-java/8.0.14/mysql-connector-java-8.0.14.jar:/data/data/com.termux/files/home/.m2/repository/org/apache/tomcat/embed/tomcat-embed-jasper/9.0.48/tomcat-embed-jasper-9.0.48.jar:/data/data/com.termux/files/home/.m2/repository/org/apache/tomcat/embed/tomcat-embed-core/9.0.48/tomcat-embed-core-9.0.48.jar:/data/data/com.termux/files/home/.m2/repository/org/apache/tomcat/tomcat-annotations-api/9.0.48/tomcat-annotations-api-9.0.48.jar:/data/data/com.termux/files/home/.m2/repository/org/apache/tomcat/embed/tomcat-embed-el/9.0.48/tomcat-embed-el-9.0.48.jar:/data/data/com.termux/files/home/.m2/repository/org/eclipse/jdt/ecj/3.18.0/ecj-3.18.0.jar:/data/data/com.termux/files/home/.m2/repository/javax/servlet/jsp/javax.servlet.jsp-api/2.3.3/javax.servlet.jsp-api-2.3.3.jar:/data/data/com.termux/files/home/.m2/repository/org/springframework/boot/spring-boot-starter-web/2.5.2/spring-boot-starter-web-2.5.2.jar:/data/data/com.termux/files/home/.m2/repository/org/springframework/boot/spring-boot-starter/2.5.2/spring-boot-starter-2.5.2.jar:/data/data/com.termux/files/home/.m2/repository/org/springframework/boot/spring-boot-starter-logging/2.5.2/spring-boot-starter-logging-2.5.2.jar:/data/data/com.termux/files/home/.m2/repository/ch/qos/logback/logback-classic/1.2.3/logback-classic-1.2.3.jar:/data/data/com.termux/files/home/.m2/repository/ch/qos/logback/logback-core/1.2.3/logback-core-1.2.3.jar:/data/data/com.termux/files/home/.m2/repository/org/apache/logging/log4j/log4j-to-slf4j/2.14.1/log4j-to-slf4j-2.14.1.jar:/data/data/com.termux/files/home/.m2/repository/org/apache/logging/log4j/log4j-api/2.14.1/log4j-api-2.14.1.jar:/data/data/com.termux/files/home/.m2/repository/org/slf4j/jul-to-slf4j/1.7.31/jul-to-slf4j-1.7.31.jar:/data/data/com.termux/files/home/.m2/repository/jakarta/annotation/jakarta.annotation-api/1.3.5/jakarta.annotation-api-1.3.5.jar:/data/data/com.termux/files/home/.m2/repository/org/yaml/snakeyaml/1.28/snakeyaml-1.28.jar:/data/data/com.termux/files/home/.m2/repository/org/springframework/boot/spring-boot-starter-json/2.5.2/spring-boot-starter-json-2.5.2.jar:/data/data/com.termux/files/home/.m2/repository/com/fasterxml/jackson/core/jackson-databind/2.12.3/jackson-databind-2.12.3.jar:/data/data/com.termux/files/home/.m2/repository/com/fasterxml/jackson/core/jackson-annotations/2.12.3/jackson-annotations-2.12.3.jar:/data/data/com.termux/files/home/.m2/repository/com/fasterxml/jackson/core/jackson-core/2.12.3/jackson-core-2.12.3.jar:/data/data/com.termux/files/home/.m2/repository/com/fasterxml/jackson/datatype/jackson-datatype-jdk8/2.12.3/jackson-datatype-jdk8-2.12.3.jar:/data/data/com.termux/files/home/.m2/repository/com/fasterxml/jackson/datatype/jackson-datatype-jsr310/2.12.3/jackson-datatype-jsr310-2.12.3.jar:/data/data/com.termux/files/home/.m2/repository/com/fasterxml/jackson/module/jackson-module-parameter-names/2.12.3/jackson-module-parameter-names-2.12.3.jar:/data/data/com.termux/files/home/.m2/repository/org/springframework/boot/spring-boot-starter-tomcat/2.5.2/spring-boot-starter-tomcat-2.5.2.jar:/data/data/com.termux/files/home/.m2/repository/org/apache/tomcat/embed/tomcat-embed-websocket/9.0.48/tomcat-embed-websocket-9.0.48.jar:/data/data/com.termux/files/home/.m2/repository/org/springframework/spring-web/5.3.8/spring-web-5.3.8.jar:/data/data/com.termux/files/home/.m2/repository/org/springframework/spring-beans/5.3.8/spring-beans-5.3.8.jar:/data/data/com.termux/files/home/.m2/repository/org/springframework/spring-webmvc/5.3.8/spring-webmvc-5.3.8.jar:/data/data/com.termux/files/home/.m2/repository/org/springframework/spring-aop/5.3.8/spring-aop-5.3.8.jar:/data/data/com.termux/files/home/.m2/repository/org/springframework/spring-context/5.3.8/spring-context-5.3.8.jar:/data/data/com.termux/files/home/.m2/repository/org/springframework/spring-expression/5.3.8/spring-expression-5.3.8.jar:/data/data/com.termux/files/home/.m2/repository/org/springframework/boot/spring-boot-devtools/2.5.2/spring-boot-devtools-2.5.2.jar:/data/data/com.termux/files/home/.m2/repository/org/springframework/boot/spring-boot/2.5.2/spring-boot-2.5.2.jar:/data/data/com.termux/files/home/.m2/repository/org/springframework/boot/spring-boot-autoconfigure/2.5.2/spring-boot-autoconfigure-2.5.2.jar:/data/data/com.termux/files/home/.m2/repository/org/springframework/boot/spring-boot-starter-test/2.5.2/spring-boot-starter-test-2.5.2.jar:/data/data/com.termux/files/home/.m2/repository/org/springframework/boot/spring-boot-test/2.5.2/spring-boot-test-2.5.2.jar:/data/data/com.termux/files/home/.m2/repository/org/springframework/boot/spring-boot-test-autoconfigure/2.5.2/spring-boot-test-autoconfigure-2.5.2.jar:/data/data/com.termux/files/home/.m2/repository/com/jayway/jsonpath/json-path/2.5.0/json-path-2.5.0.jar:/data/data/com.termux/files/home/.m2/repository/net/minidev/json-smart/2.4.7/json-smart-2.4.7.jar:/data/data/com.termux/files/home/.m2/repository/net/minidev/accessors-smart/2.4.7/accessors-smart-2.4.7.jar:/data/data/com.termux/files/home/.m2/repository/org/ow2/asm/asm/9.1/asm-9.1.jar:/data/data/com.termux/files/home/.m2/repository/org/slf4j/slf4j-api/1.7.31/slf4j-api-1.7.31.jar:/data/data/com.termux/files/home/.m2/repository/jakarta/xml/bind/jakarta.xml.bind-api/2.3.3/jakarta.xml.bind-api-2.3.3.jar:/data/data/com.termux/files/home/.m2/repository/jakarta/activation/jakarta.activation-api/1.2.2/jakarta.activation-api-1.2.2.jar:/data/data/com.termux/files/home/.m2/repository/org/assertj/assertj-core/3.19.0/assertj-core-3.19.0.jar:/data/data/com.termux/files/home/.m2/repository/org/hamcrest/hamcrest/2.2/hamcrest-2.2.jar:/data/data/com.termux/files/home/.m2/repository/org/junit/jupiter/junit-jupiter/5.7.2/junit-jupiter-5.7.2.jar:/data/data/com.termux/files/home/.m2/repository/org/junit/jupiter/junit-jupiter-api/5.7.2/junit-jupiter-api-5.7.2.jar:/data/data/com.termux/files/home/.m2/repository/org/apiguardian/apiguardian-api/1.1.0/apiguardian-api-1.1.0.jar:/data/data/com.termux/files/home/.m2/repository/org/opentest4j/opentest4j/1.2.0/opentest4j-1.2.0.jar:/data/data/com.termux/files/home/.m2/repository/org/junit/platform/junit-platform-commons/1.7.2/junit-platform-commons-1.7.2.jar:/data/data/com.termux/files/home/.m2/repository/org/junit/jupiter/junit-jupiter-params/5.7.2/junit-jupiter-params-5.7.2.jar:/data/data/com.termux/files/home/.m2/repository/org/junit/jupiter/junit-jupiter-engine/5.7.2/junit-jupiter-engine-5.7.2.jar:/data/data/com.termux/files/home/.m2/repository/org/junit/platform/junit-platform-engine/1.7.2/junit-platform-engine-1.7.2.jar:/data/data/com.termux/files/home/.m2/repository/org/mockito/mockito-core/3.9.0/mockito-core-3.9.0.jar:/data/data/com.termux/files/home/.m2/repository/net/bytebuddy/byte-buddy/1.10.22/byte-buddy-1.10.22.jar:/data/data/com.termux/files/home/.m2/repository/net/bytebuddy/byte-buddy-agent/1.10.22/byte-buddy-agent-1.10.22.jar:/data/data/com.termux/files/home/.m2/repository/org/objenesis/objenesis/3.2/objenesis-3.2.jar:/data/data/com.termux/files/home/.m2/repository/org/mockito/mockito-junit-jupiter/3.9.0/mockito-junit-jupiter-3.9.0.jar:/data/data/com.termux/files/home/.m2/repository/org/skyscreamer/jsonassert/1.5.0/jsonassert-1.5.0.jar:/data/data/com.termux/files/home/.m2/repository/com/vaadin/external/google/android-json/0.0.20131108.vaadin1/android-json-0.0.20131108.vaadin1.jar:/data/data/com.termux/files/home/.m2/repository/org/springframework/spring-core/5.3.8/spring-core-5.3.8.jar:/data/data/com.termux/files/home/.m2/repository/org/springframework/spring-jcl/5.3.8/spring-jcl-5.3.8.jar:/data/data/com.termux/files/home/.m2/repository/org/springframework/spring-test/5.3.8/spring-test-5.3.8.jar:/data/data/com.termux/files/home/.m2/repository/org/xmlunit/xmlunit-core/2.8.2/xmlunit-core-2.8.2.jar:"/>
    <property name="java.vm.vendor" value="Oracle Corporation"/>
    <property name="sun.arch.data.model" value="64"/>
    <property name="java.vendor.url" value="https://openjdk.java.net/"/>
    <property name="os.name" value="Linux"/>
    <property name="java.vm.specification.version" value="17"/>
    <property name="sun.java.launcher" value="SUN_STANDARD"/>
    <property name="sun.boot.library.path" value="/data/data/com.termux/files/usr/opt/openjdk/lib"/>
    <property name="sun.java.command" value="/data/data/com.termux/files/home/gs-serving-web-content/initial/target/surefire/surefirebooter14025090559436743206.jar /data/data/com.termux/files/home/gs-serving-web-content/initial/target/surefire 2021-12-07T02-13-41_741-jvmRun1 surefire15121191553949958288tmp surefire_01929164924373793795tmp"/>
    <property name="jdk.debug" value="release"/>
    <property name="surefire.test.class.path" value="/data/data/com.termux/files/home/gs-serving-web-content/initial/target/test-classes:/data/data/com.termux/files/home/gs-serving-web-content/initial/target/classes:/data/data/com.termux/files/home/.m2/repository/mysql/mysql-connector-java/8.0.14/mysql-connector-java-8.0.14.jar:/data/data/com.termux/files/home/.m2/repository/org/apache/tomcat/embed/tomcat-embed-jasper/9.0.48/tomcat-embed-jasper-9.0.48.jar:/data/data/com.termux/files/home/.m2/repository/org/apache/tomcat/embed/tomcat-embed-core/9.0.48/tomcat-embed-core-9.0.48.jar:/data/data/com.termux/files/home/.m2/repository/org/apache/tomcat/tomcat-annotations-api/9.0.48/tomcat-annotations-api-9.0.48.jar:/data/data/com.termux/files/home/.m2/repository/org/apache/tomcat/embed/tomcat-embed-el/9.0.48/tomcat-embed-el-9.0.48.jar:/data/data/com.termux/files/home/.m2/repository/org/eclipse/jdt/ecj/3.18.0/ecj-3.18.0.jar:/data/data/com.termux/files/home/.m2/repository/javax/servlet/jsp/javax.servlet.jsp-api/2.3.3/javax.servlet.jsp-api-2.3.3.jar:/data/data/com.termux/files/home/.m2/repository/org/springframework/boot/spring-boot-starter-web/2.5.2/spring-boot-starter-web-2.5.2.jar:/data/data/com.termux/files/home/.m2/repository/org/springframework/boot/spring-boot-starter/2.5.2/spring-boot-starter-2.5.2.jar:/data/data/com.termux/files/home/.m2/repository/org/springframework/boot/spring-boot-starter-logging/2.5.2/spring-boot-starter-logging-2.5.2.jar:/data/data/com.termux/files/home/.m2/repository/ch/qos/logback/logback-classic/1.2.3/logback-classic-1.2.3.jar:/data/data/com.termux/files/home/.m2/repository/ch/qos/logback/logback-core/1.2.3/logback-core-1.2.3.jar:/data/data/com.termux/files/home/.m2/repository/org/apache/logging/log4j/log4j-to-slf4j/2.14.1/log4j-to-slf4j-2.14.1.jar:/data/data/com.termux/files/home/.m2/repository/org/apache/logging/log4j/log4j-api/2.14.1/log4j-api-2.14.1.jar:/data/data/com.termux/files/home/.m2/repository/org/slf4j/jul-to-slf4j/1.7.31/jul-to-slf4j-1.7.31.jar:/data/data/com.termux/files/home/.m2/repository/jakarta/annotation/jakarta.annotation-api/1.3.5/jakarta.annotation-api-1.3.5.jar:/data/data/com.termux/files/home/.m2/repository/org/yaml/snakeyaml/1.28/snakeyaml-1.28.jar:/data/data/com.termux/files/home/.m2/repository/org/springframework/boot/spring-boot-starter-json/2.5.2/spring-boot-starter-json-2.5.2.jar:/data/data/com.termux/files/home/.m2/repository/com/fasterxml/jackson/core/jackson-databind/2.12.3/jackson-databind-2.12.3.jar:/data/data/com.termux/files/home/.m2/repository/com/fasterxml/jackson/core/jackson-annotations/2.12.3/jackson-annotations-2.12.3.jar:/data/data/com.termux/files/home/.m2/repository/com/fasterxml/jackson/core/jackson-core/2.12.3/jackson-core-2.12.3.jar:/data/data/com.termux/files/home/.m2/repository/com/fasterxml/jackson/datatype/jackson-datatype-jdk8/2.12.3/jackson-datatype-jdk8-2.12.3.jar:/data/data/com.termux/files/home/.m2/repository/com/fasterxml/jackson/datatype/jackson-datatype-jsr310/2.12.3/jackson-datatype-jsr310-2.12.3.jar:/data/data/com.termux/files/home/.m2/repository/com/fasterxml/jackson/module/jackson-module-parameter-names/2.12.3/jackson-module-parameter-names-2.12.3.jar:/data/data/com.termux/files/home/.m2/repository/org/springframework/boot/spring-boot-starter-tomcat/2.5.2/spring-boot-starter-tomcat-2.5.2.jar:/data/data/com.termux/files/home/.m2/repository/org/apache/tomcat/embed/tomcat-embed-websocket/9.0.48/tomcat-embed-websocket-9.0.48.jar:/data/data/com.termux/files/home/.m2/repository/org/springframework/spring-web/5.3.8/spring-web-5.3.8.jar:/data/data/com.termux/files/home/.m2/repository/org/springframework/spring-beans/5.3.8/spring-beans-5.3.8.jar:/data/data/com.termux/files/home/.m2/repository/org/springframework/spring-webmvc/5.3.8/spring-webmvc-5.3.8.jar:/data/data/com.termux/files/home/.m2/repository/org/springframework/spring-aop/5.3.8/spring-aop-5.3.8.jar:/data/data/com.termux/files/home/.m2/repository/org/springframework/spring-context/5.3.8/spring-context-5.3.8.jar:/data/data/com.termux/files/home/.m2/repository/org/springframework/spring-expression/5.3.8/spring-expression-5.3.8.jar:/data/data/com.termux/files/home/.m2/repository/org/springframework/boot/spring-boot-devtools/2.5.2/spring-boot-devtools-2.5.2.jar:/data/data/com.termux/files/home/.m2/repository/org/springframework/boot/spring-boot/2.5.2/spring-boot-2.5.2.jar:/data/data/com.termux/files/home/.m2/repository/org/springframework/boot/spring-boot-autoconfigure/2.5.2/spring-boot-autoconfigure-2.5.2.jar:/data/data/com.termux/files/home/.m2/repository/org/springframework/boot/spring-boot-starter-test/2.5.2/spring-boot-starter-test-2.5.2.jar:/data/data/com.termux/files/home/.m2/repository/org/springframework/boot/spring-boot-test/2.5.2/spring-boot-test-2.5.2.jar:/data/data/com.termux/files/home/.m2/repository/org/springframework/boot/spring-boot-test-autoconfigure/2.5.2/spring-boot-test-autoconfigure-2.5.2.jar:/data/data/com.termux/files/home/.m2/repository/com/jayway/jsonpath/json-path/2.5.0/json-path-2.5.0.jar:/data/data/com.termux/files/home/.m2/repository/net/minidev/json-smart/2.4.7/json-smart-2.4.7.jar:/data/data/com.termux/files/home/.m2/repository/net/minidev/accessors-smart/2.4.7/accessors-smart-2.4.7.jar:/data/data/com.termux/files/home/.m2/repository/org/ow2/asm/asm/9.1/asm-9.1.jar:/data/data/com.termux/files/home/.m2/repository/org/slf4j/slf4j-api/1.7.31/slf4j-api-1.7.31.jar:/data/data/com.termux/files/home/.m2/repository/jakarta/xml/bind/jakarta.xml.bind-api/2.3.3/jakarta.xml.bind-api-2.3.3.jar:/data/data/com.termux/files/home/.m2/repository/jakarta/activation/jakarta.activation-api/1.2.2/jakarta.activation-api-1.2.2.jar:/data/data/com.termux/files/home/.m2/repository/org/assertj/assertj-core/3.19.0/assertj-core-3.19.0.jar:/data/data/com.termux/files/home/.m2/repository/org/hamcrest/hamcrest/2.2/hamcrest-2.2.jar:/data/data/com.termux/files/home/.m2/repository/org/junit/jupiter/junit-jupiter/5.7.2/junit-jupiter-5.7.2.jar:/data/data/com.termux/files/home/.m2/repository/org/junit/jupiter/junit-jupiter-api/5.7.2/junit-jupiter-api-5.7.2.jar:/data/data/com.termux/files/home/.m2/repository/org/apiguardian/apiguardian-api/1.1.0/apiguardian-api-1.1.0.jar:/data/data/com.termux/files/home/.m2/repository/org/opentest4j/opentest4j/1.2.0/opentest4j-1.2.0.jar:/data/data/com.termux/files/home/.m2/repository/org/junit/platform/junit-platform-commons/1.7.2/junit-platform-commons-1.7.2.jar:/data/data/com.termux/files/home/.m2/repository/org/junit/jupiter/junit-jupiter-params/5.7.2/junit-jupiter-params-5.7.2.jar:/data/data/com.termux/files/home/.m2/repository/org/junit/jupiter/junit-jupiter-engine/5.7.2/junit-jupiter-engine-5.7.2.jar:/data/data/com.termux/files/home/.m2/repository/org/junit/platform/junit-platform-engine/1.7.2/junit-platform-engine-1.7.2.jar:/data/data/com.termux/files/home/.m2/repository/org/mockito/mockito-core/3.9.0/mockito-core-3.9.0.jar:/data/data/com.termux/files/home/.m2/repository/net/bytebuddy/byte-buddy/1.10.22/byte-buddy-1.10.22.jar:/data/data/com.termux/files/home/.m2/repository/net/bytebuddy/byte-buddy-agent/1.10.22/byte-buddy-agent-1.10.22.jar:/data/data/com.termux/files/home/.m2/repository/org/objenesis/objenesis/3.2/objenesis-3.2.jar:/data/data/com.termux/files/home/.m2/repository/org/mockito/mockito-junit-jupiter/3.9.0/mockito-junit-jupiter-3.9.0.jar:/data/data/com.termux/files/home/.m2/repository/org/skyscreamer/jsonassert/1.5.0/jsonassert-1.5.0.jar:/data/data/com.termux/files/home/.m2/repository/com/vaadin/external/google/android-json/0.0.20131108.vaadin1/android-json-0.0.20131108.vaadin1.jar:/data/data/com.termux/files/home/.m2/repository/org/springframework/spring-core/5.3.8/spring-core-5.3.8.jar:/data/data/com.termux/files/home/.m2/repository/org/springframework/spring-jcl/5.3.8/spring-jcl-5.3.8.jar:/data/data/com.termux/files/home/.m2/repository/org/springframework/spring-test/5.3.8/spring-test-5.3.8.jar:/data/data/com.termux/files/home/.m2/repository/org/xmlunit/xmlunit-core/2.8.2/xmlunit-core-2.8.2.jar:"/>
    <property name="sun.cpu.endian" value="little"/>
    <property name="user.home" value="/data/data/com.termux/files/home"/>
    <property name="user.language" value="en"/>
    <property name="java.specification.vendor" value="Oracle Corporation"/>
    <property name="java.version.date" value="2021-09-14"/>
    <property name="java.home" value="/data/data/com.termux/files/usr/opt/openjdk"/>
    <property name="file.separator" value="/"/>
    <property name="basedir" value="/data/data/com.termux/files/home/gs-serving-web-content/initial"/>
    <property name="java.vm.compressedOopsMode" value="32-bit"/>
    <property name="line.separator" value="&#10;"/>
    <property name="java.vm.specification.vendor" value="Oracle Corporation"/>
    <property name="java.specification.name" value="Java Platform API Specification"/>
    <property name="surefire.real.class.path" value="/data/data/com.termux/files/home/gs-serving-web-content/initial/target/surefire/surefirebooter14025090559436743206.jar"/>
    <property name="sun.management.compiler" value="HotSpot 64-Bit Tiered Compilers"/>
    <property name="java.runtime.version" value="17-internal+0-adhoc..src"/>
    <property name="user.name" value="u0_a200"/>
    <property name="path.separator" value=":"/>
    <property name="os.version" value="4.14.193"/>
    <property name="java.runtime.name" value="OpenJDK Runtime Environment"/>
    <property name="file.encoding" value="UTF-8"/>
    <property name="java.vm.name" value="OpenJDK 64-Bit Server VM"/>
    <property name="localRepository" value="/data/data/com.termux/files/home/.m2/repository"/>
    <property name="java.vendor.url.bug" value="https://bugreport.java.com/bugreport/"/>
    <property name="java.io.tmpdir" value="/data/data/com.termux/files/usr/tmp/"/>
    <property name="java.version" value="17-internal"/>
    <property name="user.dir" value="/data/data/com.termux/files/home/gs-serving-web-content/initial"/>
    <property name="os.arch" value="aarch64"/>
    <property name="java.vm.specification.name" value="Java Virtual Machine Specification"/>
    <property name="native.encoding" value="UTF-8"/>
    <property name="java.library.path" value="/usr/java/packages/lib:/lib:/usr/lib"/>
    <property name="java.vm.info" value="mixed mode"/>
    <property name="java.vendor" value="N/A"/>
    <property name="java.vm.version" value="17-internal+0-adhoc..src"/>
    <property name="sun.io.unicode.encoding" value="UnicodeLittle"/>
    <property name="java.class.version" value="61.0"/>
  </properties>
  <testcase name="com.example.servingwebcontent.ServingWebContentApplicationTests" classname="com.example.servingwebcontent.ServingWebContentApplicationTests" time="1.471">
    <error message="Unable to find a @SpringBootConfiguration, you need to use @ContextConfiguration or @SpringBootTest(classes=...) with your test" type="java.lang.IllegalStateException">java.lang.IllegalStateException: Unable to find a @SpringBootConfiguration, you need to use @ContextConfiguration or @SpringBootTest(classes=...) with your test
</error>
    <system-out><![CDATA[02:13:46.080 [main] DEBUG org.springframework.test.context.BootstrapUtils - Instantiating CacheAwareContextLoaderDelegate from class [org.springframework.test.context.cache.DefaultCacheAwareContextLoaderDelegate]
02:13:46.146 [main] DEBUG org.springframework.test.context.BootstrapUtils - Instantiating BootstrapContext using constructor [public org.springframework.test.context.support.DefaultBootstrapContext(java.lang.Class,org.springframework.test.context.CacheAwareContextLoaderDelegate)]
02:13:46.362 [main] DEBUG org.springframework.test.context.BootstrapUtils - Instantiating TestContextBootstrapper for test class [com.example.servingwebcontent.ServingWebContentApplicationTests] from class [org.springframework.boot.test.context.SpringBootTestContextBootstrapper]
02:13:46.436 [main] INFO org.springframework.boot.test.context.SpringBootTestContextBootstrapper - Neither @ContextConfiguration nor @ContextHierarchy found for test class [com.example.servingwebcontent.ServingWebContentApplicationTests], using SpringBootContextLoader
02:13:46.457 [main] DEBUG org.springframework.test.context.support.AbstractContextLoader - Did not detect default resource location for test class [com.example.servingwebcontent.ServingWebContentApplicationTests]: class path resource [com/example/servingwebcontent/ServingWebContentApplicationTests-context.xml] does not exist
02:13:46.459 [main] DEBUG org.springframework.test.context.support.AbstractContextLoader - Did not detect default resource location for test class [com.example.servingwebcontent.ServingWebContentApplicationTests]: class path resource [com/example/servingwebcontent/ServingWebContentApplicationTestsContext.groovy] does not exist
02:13:46.460 [main] INFO org.springframework.test.context.support.AbstractContextLoader - Could not detect default resource locations for test class [com.example.servingwebcontent.ServingWebContentApplicationTests]: no resource found for suffixes {-context.xml, Context.groovy}.
02:13:46.464 [main] INFO org.springframework.test.context.support.AnnotationConfigContextLoaderUtils - Could not detect default configuration classes for test class [com.example.servingwebcontent.ServingWebContentApplicationTests]: ServingWebContentApplicationTests does not declare any static, non-private, non-final, nested classes annotated with @Configuration.
02:13:46.718 [main] DEBUG org.springframework.test.context.support.ActiveProfilesUtils - Could not find an 'annotation declaring class' for annotation type [org.springframework.test.context.ActiveProfiles] and class [com.example.servingwebcontent.ServingWebContentApplicationTests]
]]></system-out>
  </testcase>
</testsuite>